#
# A fatal error has been detected by the Java Runtime Environment:
#
#  EXCEPTION_ACCESS_VIOLATION (0xc0000005) at pc=0x00000000595df3bb, pid=4812, tid=0x0000000000000e8c
#
# JRE version: OpenJDK Runtime Environment (8.0_152-b06) (build 1.8.0_152-release-1136-b06)
# Java VM: OpenJDK 64-Bit Server VM (25.152-b06 mixed mode windows-amd64 compressed oops)
# Problematic frame:
# V  [jvm.dll+0xef3bb]
#
# Failed to write core dump. Minidumps are not enabled by default on client versions of Windows
#
# If you would like to submit a bug report, please visit:
#   http://bugreport.java.com/bugreport/crash.jsp
#

---------------  T H R E A D  ---------------

Current thread (0x0000000055ced000):  VMThread [stack: 0x00000000567e0000,0x00000000568e0000] [id=3724]

siginfo: ExceptionCode=0xc0000005, reading address 0x0000000000000008

Registers:
RAX=0x00000000120c0000, RBX=0x00000000a76cb4f0, RCX=0x0000000000000000, RDX=0x0000000000000001
RSP=0x00000000568deb50, RBP=0x00000000a7714f78, RSI=0x0000000055cc9240, RDI=0x0000000055cc9240
R8 =0x0000000000000000, R9 =0x00000000153c1df8, R10=0x000000000000000c, R11=0x0000000059ab9d98
R12=0x00000000a7714fa4, R13=0x00000000153c2068, R14=0x00000000153c2070, R15=0x00000000a7714f60
RIP=0x00000000595df3bb, EFLAGS=0x0000000000010246

Top of Stack: (sp=0x00000000568deb50)
0x00000000568deb50:   00000000153c1df8 0000000000000005
0x00000000568deb60:   00000000a7715170 00000000595defa9
0x00000000568deb70:   0000000000000000 0000000000000000
0x00000000568deb80:   000000005c4259b0 00000000a78c1370
0x00000000568deb90:   00000000a7714f60 00000000595e4f45
0x00000000568deba0:   00000000a7714fc8 0000000055cc9240
0x00000000568debb0:   0000000055cc9240 0000000001e260a0
0x00000000568debc0:   00000000000083b0 00000000598b3de0
0x00000000568debd0:   0000000055cc9240 00000000a78c1370
0x00000000568debe0:   0000000001e260a0 00000000000002f1
0x00000000568debf0:   0000000059cb5aa0 0000000000000004
0x00000000568dec00:   00000000568deec0 0000000000000000
0x00000000568dec10:   0000000001e260a0 00000000595dd925
0x00000000568dec20:   0000000056200998 00000000a78c1358
0x00000000568dec30:   00000000568dee80 000000005c4259b0
0x00000000568dec40:   000000005c425c30 0000000000000000 

Instructions: (pc=0x00000000595df3bb)
0x00000000595df39b:   6c 00 84 d2 74 16 44 8b 43 08 8b 0d ad d2 66 00
0x00000000595df3ab:   49 d3 e0 4c 03 05 9b d2 66 00 eb 04 4c 8b 43 08
0x00000000595df3bb:   45 8b 48 08 45 85 c9 7e 0c 41 f6 c1 01 75 4b 41
0x00000000595df3cb:   c1 f9 03 eb 57 79 43 84 d2 41 8b c9 b8 10 00 00 


Register to memory mapping:

RAX=0x00000000120c0000 is an unknown value
RBX=0x00000000a76cb4f0 is pointing into object: 0x00000000a76cb4c8
java.util.concurrent.ConcurrentHashMap 
 - klass: 'java/util/concurrent/ConcurrentHashMap'
RCX=0x0000000000000000 is an unknown value
RDX=0x0000000000000001 is an unknown value
RSP=0x00000000568deb50 is an unknown value
RBP=0x00000000a7714f78 is pointing into object: 0x00000000a7714f60
java.lang.Class 
 - klass: 'java/lang/Class'
RSI=0x0000000055cc9240 is an unknown value
RDI=0x0000000055cc9240 is an unknown value
R8 =0x0000000000000000 is an unknown value
R9 =0x00000000153c1df8 is pointing into metadata
R10=0x000000000000000c is an unknown value
R11=0x0000000059ab9d98 is an unknown value
R12=0x00000000a7714fa4 is pointing into object: 0x00000000a7714f60
java.lang.Class 
 - klass: 'java/lang/Class'
R13=0x00000000153c2068 is pointing into metadata
R14=0x00000000153c2070 is pointing into metadata
R15=0x00000000a7714f60 is an oop
java.lang.Class 
 - klass: 'java/lang/Class'


Stack: [0x00000000567e0000,0x00000000568e0000],  sp=0x00000000568deb50,  free space=1018k
Native frames: (J=compiled Java code, j=interpreted, Vv=VM code, C=native code)
V  [jvm.dll+0xef3bb]
V  [jvm.dll+0xf4f45]
V  [jvm.dll+0x3c3de0]
V  [jvm.dll+0xc5879]
V  [jvm.dll+0xc6582]
V  [jvm.dll+0xc6b9e]
V  [jvm.dll+0x3ca347]
V  [jvm.dll+0x3cb70e]
V  [jvm.dll+0x3cbd1b]
V  [jvm.dll+0x3d1a95]
V  [jvm.dll+0x223e97]
V  [jvm.dll+0x223152]
V  [jvm.dll+0x2235d1]
V  [jvm.dll+0x2237ee]
V  [jvm.dll+0x26d9aa]
C  [msvcr100.dll+0x21d9f]
C  [msvcr100.dll+0x21e3b]
C  [kernel32.dll+0x159cd]
C  [ntdll.dll+0x5385d]

VM_Operation (0x000000005721f570): ParallelGCSystemGC, mode: safepoint, requested by thread 0x0000000057e4a800


---------------  P R O C E S S  ---------------

Java Threads: ( => current thread )
  0x000000005c743000 JavaThread "RMI RenewClean-[127.0.0.1:51038,org.jetbrains.kotlin.daemon.common.LoopbackNetworkInterface$ClientLoopbackSocketFactory@5e5a3a3c]" daemon [_thread_blocked, id=1320, stack(0x00000000647e0000,0x00000000648e0000)]
  0x000000005aa82800 JavaThread "RMI RenewClean-[127.0.0.1:51038,org.jetbrains.kotlin.daemon.common.LoopbackNetworkInterface$ClientLoopbackSocketFactory@4b8066d0]" daemon [_thread_blocked, id=2124, stack(0x0000000062da0000,0x0000000062ea0000)]
  0x000000005c740000 JavaThread "RMI RenewClean-[127.0.0.1:51038,org.jetbrains.kotlin.daemon.common.LoopbackNetworkInterface$ClientLoopbackSocketFactory@70a5c4a7]" daemon [_thread_blocked, id=4320, stack(0x0000000060f00000,0x0000000061000000)]
  0x000000005c73e000 JavaThread "RMI RenewClean-[127.0.0.1:51038,org.jetbrains.kotlin.daemon.common.LoopbackNetworkInterface$ClientLoopbackSocketFactory@55bdd69]" daemon [_thread_blocked, id=1680, stack(0x0000000062100000,0x0000000062200000)]
  0x000000005aa85800 JavaThread "RMI RenewClean-[127.0.0.1:50753,org.jetbrains.kotlin.daemon.common.LoopbackNetworkInterface$ClientLoopbackSocketFactory@23b61275]" daemon [_thread_blocked, id=3120, stack(0x000000005f580000,0x000000005f680000)]
  0x000000005c73f800 JavaThread "RMI RenewClean-[127.0.0.1:50753,org.jetbrains.kotlin.daemon.common.LoopbackNetworkInterface$ClientLoopbackSocketFactory@d798d18]" daemon [_thread_blocked, id=1696, stack(0x0000000061cf0000,0x0000000061df0000)]
  0x0000000057e80800 JavaThread "RMI Scheduler(0)" daemon [_thread_blocked, id=712, stack(0x0000000058f40000,0x0000000059040000)]
  0x0000000001fcf800 JavaThread "DestroyJavaVM" [_thread_blocked, id=1104, stack(0x0000000002070000,0x0000000002170000)]
  0x0000000057e4a800 JavaThread "GC Daemon" daemon [_thread_blocked, id=4420, stack(0x0000000057120000,0x0000000057220000)]
  0x0000000057e22800 JavaThread "RMI Reaper" [_thread_blocked, id=1712, stack(0x00000000588e0000,0x00000000589e0000)]
  0x0000000057e1a800 JavaThread "Timer-0" daemon [_thread_blocked, id=2564, stack(0x00000000578e0000,0x00000000579e0000)]
  0x0000000057dd0000 JavaThread "RMI TCP Accept-17721" daemon [_thread_in_native, id=2480, stack(0x0000000058600000,0x0000000058700000)]
  0x0000000057358800 JavaThread "Service Thread" daemon [_thread_blocked, id=2144, stack(0x00000000577e0000,0x00000000578e0000)]
  0x0000000055d5b800 JavaThread "C1 CompilerThread1" daemon [_thread_blocked, id=2588, stack(0x0000000057240000,0x0000000057340000)]
  0x0000000055d65000 JavaThread "C2 CompilerThread0" daemon [_thread_blocked, id=1152, stack(0x0000000056ff0000,0x00000000570f0000)]
  0x0000000055d63800 JavaThread "Attach Listener" daemon [_thread_blocked, id=2756, stack(0x0000000056e70000,0x0000000056f70000)]
  0x0000000055d62000 JavaThread "Signal Dispatcher" daemon [_thread_blocked, id=4188, stack(0x0000000056c90000,0x0000000056d90000)]
  0x0000000055d3e000 JavaThread "Finalizer" daemon [_thread_blocked, id=4412, stack(0x0000000056b20000,0x0000000056c20000)]
  0x0000000055cf5000 JavaThread "Reference Handler" daemon [_thread_blocked, id=4168, stack(0x0000000056970000,0x0000000056a70000)]

Other Threads:
=>0x0000000055ced000 VMThread [stack: 0x00000000567e0000,0x00000000568e0000] [id=3724]
  0x0000000055db9000 WatcherThread [stack: 0x0000000057a00000,0x0000000057b00000] [id=5052]

VM state:at safepoint (normal execution)

VM Mutex/Monitor currently owned by a thread:  ([mutex/lock_event])
[0x0000000001fcd9b0] Threads_lock - owner thread: 0x0000000055ced000
[0x0000000001fcdeb0] Heap_lock - owner thread: 0x0000000057e4a800

Heap:
 PSYoungGen      total 435712K, used 9684K [0x00000000e0000000, 0x00000000fdf80000, 0x0000000100000000)
  eden space 381440K, 0% used [0x00000000e0000000,0x00000000e0000000,0x00000000f7480000)
  from space 54272K, 17% used [0x00000000faa80000,0x00000000fb3f50f8,0x00000000fdf80000)
  to   space 54784K, 0% used [0x00000000f7480000,0x00000000f7480000,0x00000000faa00000)
 ParOldGen       total 176640K, used 123952K [0x00000000a0000000, 0x00000000aac80000, 0x00000000e0000000)
  object space 176640K, 70% used [0x00000000a0000000,0x00000000a790c048,0x00000000aac80000)
 Metaspace       used 102439K, capacity 105072K, committed 105472K, reserved 1142784K
  class space    used 11773K, capacity 12431K, committed 12544K, reserved 1048576K

Card table byte_map: [0x0000000011800000,0x0000000011b10000] byte_map_base: 0x0000000011300000

Marking Bits: (ParMarkBitMap*) 0x0000000059cb5aa0
 Begin Bits: [0x00000000120c0000, 0x00000000138c0000)
 End Bits:   [0x00000000138c0000, 0x00000000150c0000)

Polling page: 0x0000000000210000

CodeCache: size=245760Kb used=53876Kb max_used=54447Kb free=191883Kb
 bounds [0x0000000002440000, 0x00000000059e0000, 0x0000000011440000]
 total_blobs=15828 nmethods=15239 adapters=500
 compilation: enabled

Compilation events (10 events):
Event: 3965.640 Thread 0x0000000055d5b800 18895       3       java.security.Provider::checkInitialized (16 bytes)
Event: 3965.682 Thread 0x0000000055d5b800 nmethod 18895 0x0000000003441290 code [0x0000000003441400, 0x0000000003441648]
Event: 4068.337 Thread 0x0000000055d5b800 18896       3       java.net.InetSocketAddress::getAddress (8 bytes)
Event: 4068.338 Thread 0x0000000055d5b800 nmethod 18896 0x00000000025611d0 code [0x0000000002561340, 0x0000000002561510]
Event: 4068.373 Thread 0x0000000055d5b800 18897       3       java.net.InetSocketAddress$InetSocketAddressHolder::access$500 (5 bytes)
Event: 4068.374 Thread 0x0000000055d5b800 nmethod 18897 0x000000000364d4d0 code [0x000000000364d620, 0x000000000364d770]
Event: 4068.392 Thread 0x0000000055d5b800 18898       3       java.net.InetSocketAddress::getPort (8 bytes)
Event: 4068.392 Thread 0x0000000055d5b800 nmethod 18898 0x0000000002a12990 code [0x0000000002a12b00, 0x0000000002a12cd0]
Event: 4097.435 Thread 0x0000000055d5b800 18900       3       java.util.concurrent.locks.LockSupport::parkNanos (29 bytes)
Event: 4097.435 Thread 0x0000000055d5b800 nmethod 18900 0x0000000002b8d3d0 code [0x0000000002b8d540, 0x0000000002b8d8a8]

GC Heap History (10 events):
Event: 545.639 GC heap after
Heap after GC invocations=32 (full 6):
 PSYoungGen      total 330240K, used 45485K [0x00000000e0000000, 0x00000000f8300000, 0x0000000100000000)
  eden space 273408K, 0% used [0x00000000e0000000,0x00000000e0000000,0x00000000f0b00000)
  from space 56832K, 80% used [0x00000000f4800000,0x00000000f746b478,0x00000000f7f80000)
  to   space 61440K, 0% used [0x00000000f0b00000,0x00000000f0b00000,0x00000000f4700000)
 ParOldGen       total 176640K, used 80142K [0x00000000a0000000, 0x00000000aac80000, 0x00000000e0000000)
  object space 176640K, 45% used [0x00000000a0000000,0x00000000a4e43ac0,0x00000000aac80000)
 Metaspace       used 85830K, capacity 87968K, committed 93312K, reserved 1132544K
  class space    used 9889K, capacity 10439K, committed 11136K, reserved 1048576K
}
Event: 2270.495 GC heap before
{Heap before GC invocations=33 (full 6):
 PSYoungGen      total 330240K, used 318893K [0x00000000e0000000, 0x00000000f8300000, 0x0000000100000000)
  eden space 273408K, 100% used [0x00000000e0000000,0x00000000f0b00000,0x00000000f0b00000)
  from space 56832K, 80% used [0x00000000f4800000,0x00000000f746b478,0x00000000f7f80000)
  to   space 61440K, 0% used [0x00000000f0b00000,0x00000000f0b00000,0x00000000f4700000)
 ParOldGen       total 176640K, used 80142K [0x00000000a0000000, 0x00000000aac80000, 0x00000000e0000000)
  object space 176640K, 45% used [0x00000000a0000000,0x00000000a4e43ac0,0x00000000aac80000)
 Metaspace       used 87645K, capacity 89894K, committed 93312K, reserved 1132544K
  class space    used 10033K, capacity 10586K, committed 11136K, reserved 1048576K
Event: 2278.354 GC heap after
Heap after GC invocations=33 (full 6):
 PSYoungGen      total 334848K, used 12614K [0x00000000e0000000, 0x00000000fab80000, 0x0000000100000000)
  eden space 273408K, 0% used [0x00000000e0000000,0x00000000e0000000,0x00000000f0b00000)
  from space 61440K, 20% used [0x00000000f0b00000,0x00000000f17519a0,0x00000000f4700000)
  to   space 60416K, 0% used [0x00000000f7080000,0x00000000f7080000,0x00000000fab80000)
 ParOldGen       total 176640K, used 119375K [0x00000000a0000000, 0x00000000aac80000, 0x00000000e0000000)
  object space 176640K, 67% used [0x00000000a0000000,0x00000000a7493cc0,0x00000000aac80000)
 Metaspace       used 87645K, capacity 89894K, committed 93312K, reserved 1132544K
  class space    used 10033K, capacity 10586K, committed 11136K, reserved 1048576K
}
Event: 2283.543 GC heap before
{Heap before GC invocations=34 (full 6):
 PSYoungGen      total 334848K, used 286022K [0x00000000e0000000, 0x00000000fab80000, 0x0000000100000000)
  eden space 273408K, 100% used [0x00000000e0000000,0x00000000f0b00000,0x00000000f0b00000)
  from space 61440K, 20% used [0x00000000f0b00000,0x00000000f17519a0,0x00000000f4700000)
  to   space 60416K, 0% used [0x00000000f7080000,0x00000000f7080000,0x00000000fab80000)
 ParOldGen       total 176640K, used 119375K [0x00000000a0000000, 0x00000000aac80000, 0x00000000e0000000)
  object space 176640K, 67% used [0x00000000a0000000,0x00000000a7493cc0,0x00000000aac80000)
 Metaspace       used 94168K, capacity 96422K, committed 96768K, reserved 1134592K
  class space    used 10825K, capacity 11402K, committed 11520K, reserved 1048576K
Event: 2283.878 GC heap after
Heap after GC invocations=34 (full 6):
 PSYoungGen      total 380416K, used 21122K [0x00000000e0000000, 0x00000000fb380000, 0x0000000100000000)
  eden space 320000K, 0% used [0x00000000e0000000,0x00000000e0000000,0x00000000f3880000)
  from space 60416K, 34% used [0x00000000f7080000,0x00000000f8520ad0,0x00000000fab80000)
  to   space 57344K, 0% used [0x00000000f3880000,0x00000000f3880000,0x00000000f7080000)
 ParOldGen       total 176640K, used 120743K [0x00000000a0000000, 0x00000000aac80000, 0x00000000e0000000)
  object space 176640K, 68% used [0x00000000a0000000,0x00000000a75e9da8,0x00000000aac80000)
 Metaspace       used 94168K, capacity 96422K, committed 96768K, reserved 1134592K
  class space    used 10825K, capacity 11402K, committed 11520K, reserved 1048576K
}
Event: 2742.609 GC heap before
{Heap before GC invocations=35 (full 6):
 PSYoungGen      total 380416K, used 340447K [0x00000000e0000000, 0x00000000fb380000, 0x0000000100000000)
  eden space 320000K, 99% used [0x00000000e0000000,0x00000000f37d7480,0x00000000f3880000)
  from space 60416K, 34% used [0x00000000f7080000,0x00000000f8520ad0,0x00000000fab80000)
  to   space 57344K, 0% used [0x00000000f3880000,0x00000000f3880000,0x00000000f7080000)
 ParOldGen       total 176640K, used 120743K [0x00000000a0000000, 0x00000000aac80000, 0x00000000e0000000)
  object space 176640K, 68% used [0x00000000a0000000,0x00000000a75e9da8,0x00000000aac80000)
 Metaspace       used 96149K, capacity 98704K, committed 99072K, reserved 1136640K
  class space    used 11003K, capacity 11653K, committed 11776K, reserved 1048576K
Event: 2742.749 GC heap after
Heap after GC invocations=35 (full 6):
 PSYoungGen      total 377344K, used 16878K [0x00000000e0000000, 0x00000000fe080000, 0x0000000100000000)
  eden space 320000K, 0% used [0x00000000e0000000,0x00000000e0000000,0x00000000f3880000)
  from space 57344K, 29% used [0x00000000f3880000,0x00000000f48fbbe0,0x00000000f7080000)
  to   space 55296K, 0% used [0x00000000faa80000,0x00000000faa80000,0x00000000fe080000)
 ParOldGen       total 176640K, used 123216K [0x00000000a0000000, 0x00000000aac80000, 0x00000000e0000000)
  object space 176640K, 69% used [0x00000000a0000000,0x00000000a7854028,0x00000000aac80000)
 Metaspace       used 96149K, capacity 98704K, committed 99072K, reserved 1136640K
  class space    used 11003K, capacity 11653K, committed 11776K, reserved 1048576K
}
Event: 4140.998 GC heap before
{Heap before GC invocations=36 (full 6):
 PSYoungGen      total 377344K, used 303952K [0x00000000e0000000, 0x00000000fe080000, 0x0000000100000000)
  eden space 320000K, 89% used [0x00000000e0000000,0x00000000f1858688,0x00000000f3880000)
  from space 57344K, 29% used [0x00000000f3880000,0x00000000f48fbbe0,0x00000000f7080000)
  to   space 55296K, 0% used [0x00000000faa80000,0x00000000faa80000,0x00000000fe080000)
 ParOldGen       total 176640K, used 123216K [0x00000000a0000000, 0x00000000aac80000, 0x00000000e0000000)
  object space 176640K, 69% used [0x00000000a0000000,0x00000000a7854028,0x00000000aac80000)
 Metaspace       used 102439K, capacity 105072K, committed 105472K, reserved 1142784K
  class space    used 11773K, capacity 12431K, committed 12544K, reserved 1048576K
Event: 4148.399 GC heap after
Heap after GC invocations=36 (full 6):
 PSYoungGen      total 435712K, used 9684K [0x00000000e0000000, 0x00000000fdf80000, 0x0000000100000000)
  eden space 381440K, 0% used [0x00000000e0000000,0x00000000e0000000,0x00000000f7480000)
  from space 54272K, 17% used [0x00000000faa80000,0x00000000fb3f50f8,0x00000000fdf80000)
  to   space 54784K, 0% used [0x00000000f7480000,0x00000000f7480000,0x00000000faa00000)
 ParOldGen       total 176640K, used 123952K [0x00000000a0000000, 0x00000000aac80000, 0x00000000e0000000)
  object space 176640K, 70% used [0x00000000a0000000,0x00000000a790c048,0x00000000aac80000)
 Metaspace       used 102439K, capacity 105072K, committed 105472K, reserved 1142784K
  class space    used 11773K, capacity 12431K, committed 12544K, reserved 1048576K
}
Event: 4148.399 GC heap before
{Heap before GC invocations=37 (full 7):
 PSYoungGen      total 435712K, used 9684K [0x00000000e0000000, 0x00000000fdf80000, 0x0000000100000000)
  eden space 381440K, 0% used [0x00000000e0000000,0x00000000e0000000,0x00000000f7480000)
  from space 54272K, 17% used [0x00000000faa80000,0x00000000fb3f50f8,0x00000000fdf80000)
  to   space 54784K, 0% used [0x00000000f7480000,0x00000000f7480000,0x00000000faa00000)
 ParOldGen       total 176640K, used 123952K [0x00000000a0000000, 0x00000000aac80000, 0x00000000e0000000)
  object space 176640K, 70% used [0x00000000a0000000,0x00000000a790c048,0x00000000aac80000)
 Metaspace       used 102439K, capacity 105072K, committed 105472K, reserved 1142784K
  class space    used 11773K, capacity 12431K, committed 12544K, reserved 1048576K

Deoptimization events (10 events):
Event: 2747.124 Thread 0x000000005c742800 Uncommon trap: reason=array_check action=maybe_recompile pc=0x0000000005955c8c method=org.jetbrains.kotlin.com.intellij.extapi.psi.StubBasedPsiElementBase.getStubOrPsiChildren(Lorg/jetbrains/kotlin/com/intellij/psi/tree/TokenSet;Lorg/jetbrains/kotlin/com/
Event: 2747.134 Thread 0x000000005c742800 Uncommon trap: reason=array_check action=maybe_recompile pc=0x0000000005955c8c method=org.jetbrains.kotlin.com.intellij.extapi.psi.StubBasedPsiElementBase.getStubOrPsiChildren(Lorg/jetbrains/kotlin/com/intellij/psi/tree/TokenSet;Lorg/jetbrains/kotlin/com/
Event: 2747.135 Thread 0x000000005c742800 Uncommon trap: reason=array_check action=maybe_recompile pc=0x0000000005955c8c method=org.jetbrains.kotlin.com.intellij.extapi.psi.StubBasedPsiElementBase.getStubOrPsiChildren(Lorg/jetbrains/kotlin/com/intellij/psi/tree/TokenSet;Lorg/jetbrains/kotlin/com/
Event: 2747.135 Thread 0x000000005c742800 Uncommon trap: reason=array_check action=maybe_recompile pc=0x0000000005955c8c method=org.jetbrains.kotlin.com.intellij.extapi.psi.StubBasedPsiElementBase.getStubOrPsiChildren(Lorg/jetbrains/kotlin/com/intellij/psi/tree/TokenSet;Lorg/jetbrains/kotlin/com/
Event: 2748.002 Thread 0x000000005c742800 Uncommon trap: reason=unstable_if action=reinterpret pc=0x00000000046ce21c method=org.jetbrains.kotlin.load.kotlin.FileBasedKotlinClass$3$1.visit(Ljava/lang/String;Ljava/lang/Object;)V @ 4
Event: 2748.565 Thread 0x000000005c742800 Uncommon trap: reason=bimorphic action=maybe_recompile pc=0x0000000005759698 method=org.jetbrains.kotlin.resolve.descriptorUtil.DescriptorUtilsKt.isAnnotationConstructor(Lorg/jetbrains/kotlin/descriptors/DeclarationDescriptor;)Z @ 17
Event: 2748.956 Thread 0x000000005c742800 Uncommon trap: reason=class_check action=maybe_recompile pc=0x0000000003047de4 method=org.jetbrains.kotlin.util.Checks.isApplicable(Lorg/jetbrains/kotlin/descriptors/FunctionDescriptor;)Z @ 14
Event: 2748.956 Thread 0x000000005c742800 Uncommon trap: reason=class_check action=maybe_recompile pc=0x0000000003047de4 method=org.jetbrains.kotlin.util.Checks.isApplicable(Lorg/jetbrains/kotlin/descriptors/FunctionDescriptor;)Z @ 14
Event: 2748.956 Thread 0x000000005c742800 Uncommon trap: reason=class_check action=maybe_recompile pc=0x0000000003047de4 method=org.jetbrains.kotlin.util.Checks.isApplicable(Lorg/jetbrains/kotlin/descriptors/FunctionDescriptor;)Z @ 14
Event: 2748.956 Thread 0x000000005c742800 Uncommon trap: reason=class_check action=maybe_recompile pc=0x0000000003047de4 method=org.jetbrains.kotlin.util.Checks.isApplicable(Lorg/jetbrains/kotlin/descriptors/FunctionDescriptor;)Z @ 14

Classes redefined (0 events):
No events

Internal exceptions (10 events):
Event: 2727.450 Thread 0x000000005aa7f800 Exception <a 'sun/nio/fs/WindowsException'> (0x00000000ed3ffdd0) thrown at [D:\src\AOSP-openjdk-cygwin\jdk8u\hotspot\src\share\vm\prims\jni.cpp, line 709]
Event: 2727.451 Thread 0x000000005aa7f800 Exception <a 'java/io/FileNotFoundException'> (0x00000000ed401080) thrown at [D:\src\AOSP-openjdk-cygwin\jdk8u\hotspot\src\share\vm\prims\jni.cpp, line 709]
Event: 2727.451 Thread 0x000000005aa7f800 Exception <a 'java/io/FileNotFoundException'> (0x00000000ed402780) thrown at [D:\src\AOSP-openjdk-cygwin\jdk8u\hotspot\src\share\vm\prims\jni.cpp, line 709]
Event: 2732.937 Thread 0x000000005aa82800 Exception <a 'java/lang/InterruptedException'> (0x00000000f11060e0) thrown at [D:\src\AOSP-openjdk-cygwin\jdk8u\hotspot\src\share\vm\runtime\objectMonitor.cpp, line 1684]
Event: 2746.015 Thread 0x000000005aa80000 Exception <a 'java/lang/NullPointerException'> (0x00000000e670d820) thrown at [D:\src\AOSP-openjdk-cygwin\jdk8u\hotspot\src\share\vm\interpreter\linkResolver.cpp, line 1199]
Event: 2746.764 Thread 0x000000005c742800 Exception <a 'java/io/FileNotFoundException'> (0x00000000ec73f450) thrown at [D:\src\AOSP-openjdk-cygwin\jdk8u\hotspot\src\share\vm\prims\jni.cpp, line 709]
Event: 2746.764 Thread 0x000000005c742800 Exception <a 'sun/nio/fs/WindowsException'> (0x00000000ec740958) thrown at [D:\src\AOSP-openjdk-cygwin\jdk8u\hotspot\src\share\vm\prims\jni.cpp, line 709]
Event: 2746.767 Thread 0x000000005c742800 Exception <a 'sun/nio/fs/WindowsException'> (0x00000000ec744450) thrown at [D:\src\AOSP-openjdk-cygwin\jdk8u\hotspot\src\share\vm\prims\jni.cpp, line 709]
Event: 2746.767 Thread 0x000000005c742800 Exception <a 'java/io/FileNotFoundException'> (0x00000000ec7456b8) thrown at [D:\src\AOSP-openjdk-cygwin\jdk8u\hotspot\src\share\vm\prims\jni.cpp, line 709]
Event: 2746.767 Thread 0x000000005c742800 Exception <a 'java/io/FileNotFoundException'> (0x00000000ec746cd8) thrown at [D:\src\AOSP-openjdk-cygwin\jdk8u\hotspot\src\share\vm\prims\jni.cpp, line 709]

Events (10 events):
Event: 4068.393 Thread 0x0000000055d5b800 flushing nmethod 0x0000000002dc66d0
Event: 4083.369 Executing VM operation: RevokeBias
Event: 4083.369 Executing VM operation: RevokeBias done
Event: 4097.434 Executing VM operation: RevokeBias
Event: 4097.434 Executing VM operation: RevokeBias done
Event: 4097.436 Thread 0x0000000055d5b800 flushing nmethod 0x0000000002e1f910
Event: 4097.436 Thread 0x0000000055d5b800 flushing nmethod 0x0000000002edded0
Event: 4097.436 Thread 0x0000000055d5b800 flushing nmethod 0x0000000002eed950
Event: 4097.436 Thread 0x0000000055d5b800 flushing nmethod 0x0000000002f16fd0
Event: 4140.984 Executing VM operation: ParallelGCSystemGC


Dynamic libraries:
0x000000013fbd0000 - 0x000000013fc01000 	C:\Program Files\Android\Android Studio\jre\jre\bin\java.exe
0x0000000076e20000 - 0x0000000076fbf000 	C:\Windows\SYSTEM32\ntdll.dll
0x0000000076c00000 - 0x0000000076d1f000 	C:\Windows\system32\kernel32.dll
0x000007fefc9e0000 - 0x000007fefca4a000 	C:\Windows\system32\KERNELBASE.dll
0x000007fefcf60000 - 0x000007fefd03b000 	C:\Windows\system32\ADVAPI32.dll
0x000007feff050000 - 0x000007feff0ef000 	C:\Windows\system32\msvcrt.dll
0x000007fefcf40000 - 0x000007fefcf5f000 	C:\Windows\SYSTEM32\sechost.dll
0x000007fefebe0000 - 0x000007fefed0d000 	C:\Windows\system32\RPCRT4.dll
0x0000000076d20000 - 0x0000000076e1a000 	C:\Windows\system32\USER32.dll
0x000007fefed10000 - 0x000007fefed77000 	C:\Windows\system32\GDI32.dll
0x000007fefd270000 - 0x000007fefd27e000 	C:\Windows\system32\LPK.dll
0x000007fefda00000 - 0x000007fefdacb000 	C:\Windows\system32\USP10.dll
0x000007fefafe0000 - 0x000007fefb1d4000 	C:\Windows\WinSxS\amd64_microsoft.windows.common-controls_6595b64144ccf1df_6.0.7601.18837_none_fa3b1e3d17594757\COMCTL32.dll
0x000007fefdcd0000 - 0x000007fefdd41000 	C:\Windows\system32\SHLWAPI.dll
0x000007fefd1a0000 - 0x000007fefd1ce000 	C:\Windows\system32\IMM32.DLL
0x000007fefd090000 - 0x000007fefd199000 	C:\Windows\system32\MSCTF.dll
0x0000000073680000 - 0x0000000073752000 	C:\Program Files\Android\Android Studio\jre\jre\bin\msvcr100.dll
0x00000000594f0000 - 0x0000000059d31000 	C:\Program Files\Android\Android Studio\jre\jre\bin\server\jvm.dll
0x000007feed010000 - 0x000007feed019000 	C:\Windows\system32\WSOCK32.dll
0x000007fefd040000 - 0x000007fefd08d000 	C:\Windows\system32\WS2_32.dll
0x000007fefd910000 - 0x000007fefd918000 	C:\Windows\system32\NSI.dll
0x000007fefa1d0000 - 0x000007fefa20b000 	C:\Windows\system32\WINMM.dll
0x000007fefba30000 - 0x000007fefba3c000 	C:\Windows\system32\VERSION.dll
0x0000000076fd0000 - 0x0000000076fd7000 	C:\Windows\system32\PSAPI.DLL
0x000007fef9ef0000 - 0x000007fef9eff000 	C:\Program Files\Android\Android Studio\jre\jre\bin\verify.dll
0x000007fef8b30000 - 0x000007fef8b59000 	C:\Program Files\Android\Android Studio\jre\jre\bin\java.dll
0x000007fef9ed0000 - 0x000007fef9ee6000 	C:\Program Files\Android\Android Studio\jre\jre\bin\zip.dll
0x000007fefde50000 - 0x000007fefebda000 	C:\Windows\system32\SHELL32.dll
0x000007fefdad0000 - 0x000007fefdccf000 	C:\Windows\system32\ole32.dll
0x000007fefc980000 - 0x000007fefc98f000 	C:\Windows\system32\profapi.dll
0x000007fef9f00000 - 0x000007fef9f0d000 	C:\Program Files\Android\Android Studio\jre\jre\bin\management.dll
0x000007fef8b10000 - 0x000007fef8b2a000 	C:\Program Files\Android\Android Studio\jre\jre\bin\net.dll
0x000007fefc100000 - 0x000007fefc155000 	C:\Windows\system32\mswsock.dll
0x000007fefc0f0000 - 0x000007fefc0f7000 	C:\Windows\System32\wship6.dll
0x000007fef8af0000 - 0x000007fef8b01000 	C:\Program Files\Android\Android Studio\jre\jre\bin\nio.dll
0x000007fefc160000 - 0x000007fefc178000 	C:\Windows\system32\CRYPTSP.dll
0x000007fefbe60000 - 0x000007fefbea7000 	C:\Windows\system32\rsaenh.dll
0x000007fefccb0000 - 0x000007fefccce000 	C:\Windows\system32\USERENV.dll
0x000007fefc7d0000 - 0x000007fefc7df000 	C:\Windows\system32\CRYPTBASE.dll
0x000007fefa690000 - 0x000007fefa6b7000 	C:\Windows\system32\IPHLPAPI.DLL
0x000007fefa6c0000 - 0x000007fefa6cb000 	C:\Windows\system32\WINNSI.DLL
0x000007fefa550000 - 0x000007fefa561000 	C:\Windows\system32\dhcpcsvc6.DLL
0x000007fefa530000 - 0x000007fefa548000 	C:\Windows\system32\dhcpcsvc.DLL
0x0000000059040000 - 0x0000000059132000 	C:\Users\Manthan\AppData\Local\Temp\room-4193b804-849f-41c3-8050-d0d0b721a6b0\sqlite-3.20.1-b3c82f83-e2f2-452a-b7d0-0077faa40b23-sqlitejdbc.dll
0x000000006adc0000 - 0x000000006aeb2000 	C:\Users\Manthan\AppData\Local\Temp\room-8ee5a08e-9bb8-471e-a255-be6a9bb050e2\sqlite-3.20.1-1c9bd118-a1a8-40da-bdb5-1027c0806e02-sqlitejdbc.dll
0x0000000057b00000 - 0x0000000057bf2000 	C:\Users\Manthan\AppData\Local\Temp\room-ff931102-1c0c-4611-9597-bd12d040896e\sqlite-3.20.1-e69c1011-007c-47b1-886d-e794ddbbdd9b-sqlitejdbc.dll
0x000007feee8f0000 - 0x000007feeea15000 	C:\Windows\system32\dbghelp.dll

VM Arguments:
jvm_args: -Djava.awt.headless=true -Djava.rmi.server.hostname=127.0.0.1 -Xmx1536m -Dkotlin.environment.keepalive 
java_command: org.jetbrains.kotlin.daemon.KotlinCompileDaemon --daemon-runFilesPath C:\Users\Manthan\AppData\Local\kotlin\daemon --daemon-autoshutdownIdleSeconds=7200 --daemon-compilerClasspath C:\Users\Manthan\.gradle\caches\modules-2\files-2.1\org.jetbrains.kotlin\kotlin-compiler-embeddable\1.3.11\a8db6c14f8b8ed74aa11b8379f961587b639c571\kotlin-compiler-embeddable-1.3.11.jar;C:\Users\Manthan\.gradle\caches\modules-2\files-2.1\org.jetbrains.kotlin\kotlin-reflect\1.3.11\aae7b33412715e9ed441934c4ffaad1bb80e9d36\kotlin-reflect-1.3.11.jar;C:\Users\Manthan\.gradle\caches\modules-2\files-2.1\org.jetbrains.kotlin\kotlin-stdlib\1.3.11\4cbc5922a54376018307a731162ccaf3ef851a39\kotlin-stdlib-1.3.11.jar;C:\Users\Manthan\.gradle\caches\modules-2\files-2.1\org.jetbrains.kotlin\kotlin-script-runtime\1.3.11\1ef3a816aeacb9cd051b3ed37e2abf88910f1503\kotlin-script-runtime-1.3.11.jar;C:\Users\Manthan\.gradle\caches\modules-2\files-2.1\org.jetbrains.kotlin\kotlin-stdlib-common\1.3.11\d8b8e746e279f1c4f5e08bc14a96b82e6bb1de02\kotlin-stdlib-common-1.3.11.jar;C:\Users\Manthan\.gradle\caches\modules-2\files-2.1\org.jetbrains\annotations\13.0\919f0dfe192fb4e063e7dacadee7f8bb9a2672a9\annotations-13.0.jar;C:\Program Files\Android\Android Studio\jre\lib\tools.jar
java_class_path (initial): C:\Users\Manthan\.gradle\caches\modules-2\files-2.1\org.jetbrains.kotlin\kotlin-compiler-embeddable\1.3.11\a8db6c14f8b8ed74aa11b8379f961587b639c571\kotlin-compiler-embeddable-1.3.11.jar;C:\Users\Manthan\.gradle\caches\modules-2\files-2.1\org.jetbrains.kotlin\kotlin-reflect\1.3.11\aae7b33412715e9ed441934c4ffaad1bb80e9d36\kotlin-reflect-1.3.11.jar;C:\Users\Manthan\.gradle\caches\modules-2\files-2.1\org.jetbrains.kotlin\kotlin-stdlib\1.3.11\4cbc5922a54376018307a731162ccaf3ef851a39\kotlin-stdlib-1.3.11.jar;C:\Users\Manthan\.gradle\caches\modules-2\files-2.1\org.jetbrains.kotlin\kotlin-script-runtime\1.3.11\1ef3a816aeacb9cd051b3ed37e2abf88910f1503\kotlin-script-runtime-1.3.11.jar;C:\Users\Manthan\.gradle\caches\modules-2\files-2.1\org.jetbrains.kotlin\kotlin-stdlib-common\1.3.11\d8b8e746e279f1c4f5e08bc14a96b82e6bb1de02\kotlin-stdlib-common-1.3.11.jar;C:\Users\Manthan\.gradle\caches\modules-2\files-2.1\org.jetbrains\annotations\13.0\919f0dfe192fb4e063e7dacadee7f8bb9a2672a9\annotations-13.0.jar;C:\Program Files\Android\Android Studio\jre\lib\tools.jar
Launcher Type: SUN_STANDARD

Environment Variables:
PATH=C:\Program Files (x86)\Common Files\Oracle\Java\javapath;C:\ProgramData\Oracle\Java\javapath;C:\Program Files (x86)\NVIDIA Corporation\PhysX\Common;C:\Windows\system32;C:\Windows;C:\Windows\System32\Wbem;C:\Windows\System32\WindowsPowerShell\v1.0\;C:\Users\Manthan\AppData\Local\Android\Sdk\platform-tools
USERNAME=Manthan
OS=Windows_NT
PROCESSOR_IDENTIFIER=Intel64 Family 6 Model 58 Stepping 9, GenuineIntel



---------------  S Y S T E M  ---------------

OS: Windows 7 , 64 bit Build 7601 (6.1.7601.24308)

CPU:total 2 (initial active 2) (2 cores per cpu, 1 threads per core) family 6 model 58 stepping 9, cmov, cx8, fxsr, mmx, sse, sse2, sse3, ssse3, sse4.1, sse4.2, popcnt, clmul, erms, tsc, tscinvbit, tscinv

Memory: 4k page, physical 4159380k(1242336k free), swap 8316860k(1733484k free)

vm_info: OpenJDK 64-Bit Server VM (25.152-b06) for windows-amd64 JRE (1.8.0_152-release-1136-b06), built by "builder" with MS VC++ 10.0 (VS2010)

time: Wed Dec 19 22:23:36 2018
elapsed time: 4151 seconds (0d 1h 9m 11s)

